<?xml version="1.0" encoding="UTF-8"?>
<testsuite xmlns:xsi="http://www.w3.org/2001/XMLSchema-instance" xsi:noNamespaceSchemaLocation="https://maven.apache.org/surefire/maven-surefire-plugin/xsd/surefire-test-report-3.0.xsd" version="3.0" name="com.example.alumni.AlumniNetworkApplicationTests" time="10.405" tests="1" errors="0" skipped="0" failures="0">
  <properties>
[...]
</properties>
  <testcase name="contextLoads" classname="com.example.alumni.AlumniNetworkApplicationTests" time="1.003">
    <system-out><![CDATA[13:39:25.906 [main] INFO org.springframework.test.context.support.AnnotationConfigContextLoaderUtils -- Could not detect default configuration classes for test class [com.example.alumni.AlumniNetworkApplicationTests]: AlumniNetworkApplicationTests does not declare any static, non-private, non-final, nested classes annotated with @Configuration.
13:39:26.078 [main] INFO org.springframework.boot.test.context.SpringBootTestContextBootstrapper -- Found @SpringBootConfiguration com.example.alumni.AlumniNetworkApplication for test class com.example.alumni.AlumniNetworkApplicationTests

  .   ____          _            __ _ _
 /\\ / ___'_ __ _ _(_)_ __  __ _ \ \ \ \
( ( )\___ | '_ | '_| | '_ \/ _` | \ \ \ \
 \\/  ___)| |_)| | | | | || (_| |  ) ) ) )
  '  |____| .__|_| |_|_| |_\__, | / / / /
 =========|_|==============|___/=/_/_/_/

 :: Spring Boot ::                (v3.3.4)

2026-09-19T13:39:26.616+05:30  INFO 31704 --- [alumni-network] [           main] c.e.a.AlumniNetworkApplicationTests      : Starting AlumniNetworkApplicationTests using Java 26.0.2.1 with PID 31704 (started by vaish in D:\Projects\JAVA\Student Alumini Networking)
2026-09-19T13:39:26.618+05:30  INFO 31704 --- [alumni-network] [           main] c.e.a.AlumniNetworkApplicationTests      : The following 1 profile is active: "h2"
2026-09-19T13:39:27.682+05:30  INFO 31704 --- [alumni-network] [           main] .s.d.r.c.RepositoryConfigurationDelegate : Bootstrapping Spring Data JPA repositories in DEFAULT mode.
2026-09-19T13:39:27.824+05:30  INFO 31704 --- [alumni-network] [           main] .s.d.r.c.RepositoryConfigurationDelegate : Finished Spring Data repository scanning in 130 ms. Found 8 JPA repository interfaces.
2026-09-19T13:39:28.737+05:30  INFO 31704 --- [alumni-network] [           main] o.hibernate.jpa.internal.util.LogHelper  : HHH000204: Processing PersistenceUnitInfo [name: default]
2026-09-19T13:39:28.979+05:30  INFO 31704 --- [alumni-network] [           main] org.hibernate.Version                    : HHH000412: Hibernate ORM core version 6.5.3.Final
2026-09-19T13:39:29.024+05:30  INFO 31704 --- [alumni-network] [           main] o.h.c.internal.RegionFactoryInitiator    : HHH000026: Second-level cache disabled
2026-09-19T13:39:29.511+05:30  INFO 31704 --- [alumni-network] [           main] o.s.o.j.p.SpringPersistenceUnitInfo      : No LoadTimeWeaver setup: ignoring JPA class transformer
2026-09-19T13:39:29.563+05:30  INFO 31704 --- [alumni-network] [           main] com.zaxxer.hikari.HikariDataSource       : HikariPool-1 - Starting...
2026-09-19T13:39:29.804+05:30  INFO 31704 --- [alumni-network] [           main] com.zaxxer.hikari.pool.HikariPool        : HikariPool-1 - Added connection conn0: url=jdbc:h2:mem:alumni_network user=SA
2026-09-19T13:39:29.806+05:30  INFO 31704 --- [alumni-network] [           main] com.zaxxer.hikari.HikariDataSource       : HikariPool-1 - Start completed.
2026-09-19T13:39:29.843+05:30  WARN 31704 --- [alumni-network] [           main] org.hibernate.orm.deprecation            : HHH90000025: H2Dialect does not need to be specified explicitly using 'hibernate.dialect' (remove the property setting and it will be selected by default)
2026-09-19T13:39:31.137+05:30  INFO 31704 --- [alumni-network] [           main] o.h.e.t.j.p.i.JtaPlatformInitiator       : HHH000489: No JTA platform available (set 'hibernate.transaction.jta.platform' to enable JTA platform integration)
Hibernate: 
    create table alumni_profiles (
        id bigint generated by default as identity,
        available_for_mentoring boolean,
        bio TEXT,
        company varchar(255),
        department varchar(255),
        experience integer,
        expertise TEXT,
        graduation_year integer,
        job_role varchar(255),
        linkedin_url varchar(255),
        skills TEXT,
        verified boolean not null,
        user_id bigint not null,
        primary key (id)
    )
Hibernate: 
    create table departments (
        id bigint generated by default as identity,
        code varchar(255) not null,
        name varchar(255) not null,
        primary key (id)
    )
Hibernate: 
    create table feedbacks (
        id bigint generated by default as identity,
        comment TEXT,
        created_at timestamp(6) not null,
        rating integer not null check ((rating>=1) and (rating<=5)),
        alumni_id bigint not null,
        session_id bigint not null,
        student_id bigint not null,
        primary key (id)
    )
Hibernate: 
    create table mentorship_requests (
        id bigint generated by default as identity,
        message TEXT,
        requested_at timestamp(6) not null,
        responded_at timestamp(6),
        status enum ('ACCEPTED','CANCELLED','PENDING','REJECTED') not null,
        alumni_id bigint not null,
        student_id bigint not null,
        primary key (id)
    )
Hibernate: 
    create table mentorship_sessions (
        id bigint generated by default as identity,
        created_at timestamp(6) not null,
        description TEXT,
        session_date timestamp(6) not null,
        status enum ('CANCELLED','COMPLETED','CONFIRMED','REQUESTED') not null,
        topic varchar(255) not null,
        mentorship_request_id bigint not null,
        primary key (id)
    )
Hibernate: 
    create table reports (
        id bigint generated by default as identity,
        created_at timestamp(6) not null,
        description TEXT,
        reason varchar(255) not null,
        status enum ('DISMISSED','PENDING','RESOLVED','REVIEWED') not null,
        reported_user_id bigint not null,
        reporter_id bigint not null,
        primary key (id)
    )
Hibernate: 
    create table student_profiles (
        id bigint generated by default as identity,
        bio TEXT,
        career_goal varchar(255),
        department varchar(255),
        graduation_year integer,
        interests TEXT,
        register_number varchar(255),
        skills TEXT,
        user_id bigint not null,
        primary key (id)
    )
Hibernate: 
    create table users (
        id bigint generated by default as identity,
        created_at timestamp(6) not null,
        email varchar(255) not null,
        enabled boolean not null,
        name varchar(255) not null,
        password varchar(255) not null,
        role enum ('ADMIN','ALUMNI','STUDENT') not null,
        primary key (id)
    )
Hibernate: 
    alter table if exists alumni_profiles 
       drop constraint if exists UKaspmoehglgcjhv273d9n7sxw0
Hibernate: 
    alter table if exists alumni_profiles 
       add constraint UKaspmoehglgcjhv273d9n7sxw0 unique (user_id)
Hibernate: 
    alter table if exists departments 
       drop constraint if exists UKl7tivi5261wxdnvo6cct9gg6t
Hibernate: 
    alter table if exists departments 
       add constraint UKl7tivi5261wxdnvo6cct9gg6t unique (code)
Hibernate: 
    alter table if exists departments 
       drop constraint if exists UKj6cwks7xecs5jov19ro8ge3qk
Hibernate: 
    alter table if exists departments 
       add constraint UKj6cwks7xecs5jov19ro8ge3qk unique (name)
Hibernate: 
    alter table if exists feedbacks 
       drop constraint if exists UK758xhj5yekxl09ivj9xcsrchm
Hibernate: 
    alter table if exists feedbacks 
       add constraint UK758xhj5yekxl09ivj9xcsrchm unique (session_id)
Hibernate: 
    alter table if exists student_profiles 
       drop constraint if exists UKhlcwb2egnj8mj3e0mouse1lgy
Hibernate: 
    alter table if exists student_profiles 
       add constraint UKhlcwb2egnj8mj3e0mouse1lgy unique (user_id)
Hibernate: 
    alter table if exists users 
       drop constraint if exists UK6dotkott2kjsp8vw4d0m25fb7
Hibernate: 
    alter table if exists users 
       add constraint UK6dotkott2kjsp8vw4d0m25fb7 unique (email)
Hibernate: 
    alter table if exists alumni_profiles 
       add constraint FKhvl5rf6b270nrfdiwyxg0l604 
       foreign key (user_id) 
       references users
Hibernate: 
    alter table if exists feedbacks 
       add constraint FK20eg8wiw4xx9may1gesmbqyio 
       foreign key (alumni_id) 
       references users
Hibernate: 
    alter table if exists feedbacks 
       add constraint FKs3k20tgtem0bdp70pdm7aest1 
       foreign key (session_id) 
       references mentorship_sessions
Hibernate: 
    alter table if exists feedbacks 
       add constraint FKtmkj6ato1edqm2cu41m919x5d 
       foreign key (student_id) 
       references users
Hibernate: 
    alter table if exists mentorship_requests 
       add constraint FK1ei85cd906o4ihx968688gok5 
       foreign key (alumni_id) 
       references users
Hibernate: 
    alter table if exists mentorship_requests 
       add constraint FKivjqt4o81wlxcnxb2kgl24diq 
       foreign key (student_id) 
       references users
Hibernate: 
    alter table if exists mentorship_sessions 
       add constraint FKlwpkfx36g53rw3mgv54e2hpnw 
       foreign key (mentorship_request_id) 
       references mentorship_requests
Hibernate: 
    alter table if exists reports 
       add constraint FKb3bqi44mjskbnwupr31nfq5ui 
       foreign key (reported_user_id) 
       references users
Hibernate: 
    alter table if exists reports 
       add constraint FKd3qiw2om5d2oh5xb7fbdcq225 
       foreign key (reporter_id) 
       references users
Hibernate: 
    alter table if exists student_profiles 
       add constraint FK32koy3tgqtaujxhfsn0b9pel2 
       foreign key (user_id) 
       references users
2026-09-19T13:39:31.238+05:30  INFO 31704 --- [alumni-network] [           main] j.LocalContainerEntityManagerFactoryBean : Initialized JPA EntityManagerFactory for persistence unit 'default'
2026-09-19T13:39:31.802+05:30  INFO 31704 --- [alumni-network] [           main] o.s.d.j.r.query.QueryEnhancerFactory     : Hibernate is in classpath; If applicable, HQL parser will be used.
2026-09-19T13:39:32.909+05:30  INFO 31704 --- [alumni-network] [           main] r$InitializeUserDetailsManagerConfigurer : Global AuthenticationManager configured with UserDetailsService bean with name userDetailsService
2026-09-19T13:39:33.013+05:30  INFO 31704 --- [alumni-network] [           main] o.s.b.a.w.s.WelcomePageHandlerMapping    : Adding welcome page: class path resource [static/index.html]
2026-09-19T13:39:33.814+05:30  INFO 31704 --- [alumni-network] [           main] o.s.b.a.h2.H2ConsoleAutoConfiguration    : H2 console available at '/h2-console'. Database available at 'jdbc:h2:mem:alumni_network'
2026-09-19T13:39:33.895+05:30  INFO 31704 --- [alumni-network] [           main] c.e.a.AlumniNetworkApplicationTests      : Started AlumniNetworkApplicationTests in 7.639 seconds (process running for 9.293)
Hibernate: 
    select
        count(*) 
    from
        users u1_0
>>> Initializing sample data for Alumni Networking & Mentorship Platform...
Hibernate: 
    insert 
    into
        departments
        (code, name, id) 
    values
        (?, ?, default)
Hibernate: 
    insert 
    into
        departments
        (code, name, id) 
    values
        (?, ?, default)
Hibernate: 
    insert 
    into
        departments
        (code, name, id) 
    values
        (?, ?, default)
Hibernate: 
    insert 
    into
        departments
        (code, name, id) 
    values
        (?, ?, default)
Hibernate: 
    insert 
    into
        departments
        (code, name, id) 
    values
        (?, ?, default)
Hibernate: 
    insert 
    into
        users
        (created_at, email, enabled, name, password, role, id) 
    values
        (?, ?, ?, ?, ?, ?, default)
Hibernate: 
    insert 
    into
        users
        (created_at, email, enabled, name, password, role, id) 
    values
        (?, ?, ?, ?, ?, ?, default)
Hibernate: 
    insert 
    into
        student_profiles
        (bio, career_goal, department, graduation_year, interests, register_number, skills, user_id, id) 
    values
        (?, ?, ?, ?, ?, ?, ?, ?, default)
Hibernate: 
    insert 
    into
        users
        (created_at, email, enabled, name, password, role, id) 
    values
        (?, ?, ?, ?, ?, ?, default)
Hibernate: 
    insert 
    into
        student_profiles
        (bio, career_goal, department, graduation_year, interests, register_number, skills, user_id, id) 
    values
        (?, ?, ?, ?, ?, ?, ?, ?, default)
Hibernate: 
    insert 
    into
        users
        (created_at, email, enabled, name, password, role, id) 
    values
        (?, ?, ?, ?, ?, ?, default)
Hibernate: 
    insert 
    into
        student_profiles
        (bio, career_goal, department, graduation_year, interests, register_number, skills, user_id, id) 
    values
        (?, ?, ?, ?, ?, ?, ?, ?, default)
Hibernate: 
    insert 
    into
        users
        (created_at, email, enabled, name, password, role, id) 
    values
        (?, ?, ?, ?, ?, ?, default)
Hibernate: 
    insert 
    into
        student_profiles
        (bio, career_goal, department, graduation_year, interests, register_number, skills, user_id, id) 
    values
        (?, ?, ?, ?, ?, ?, ?, ?, default)
Hibernate: 
    insert 
    into
        users
        (created_at, email, enabled, name, password, role, id) 
    values
        (?, ?, ?, ?, ?, ?, default)
Hibernate: 
    insert 
    into
        student_profiles
        (bio, career_goal, department, graduation_year, interests, register_number, skills, user_id, id) 
    values
        (?, ?, ?, ?, ?, ?, ?, ?, default)
Hibernate: 
    insert 
    into
        users
        (created_at, email, enabled, name, password, role, id) 
    values
        (?, ?, ?, ?, ?, ?, default)
Hibernate: 
    insert 
    into
        alumni_profiles
        (available_for_mentoring, bio, company, department, experience, expertise, graduation_year, job_role, linkedin_url, skills, user_id, verified, id) 
    values
        (?, ?, ?, ?, ?, ?, ?, ?, ?, ?, ?, ?, default)
Hibernate: 
    insert 
    into
        users
        (created_at, email, enabled, name, password, role, id) 
    values
        (?, ?, ?, ?, ?, ?, default)
Hibernate: 
    insert 
    into
        alumni_profiles
        (available_for_mentoring, bio, company, department, experience, expertise, graduation_year, job_role, linkedin_url, skills, user_id, verified, id) 
    values
        (?, ?, ?, ?, ?, ?, ?, ?, ?, ?, ?, ?, default)
Hibernate: 
    insert 
    into
        users
        (created_at, email, enabled, name, password, role, id) 
    values
        (?, ?, ?, ?, ?, ?, default)
Hibernate: 
    insert 
    into
        alumni_profiles
        (available_for_mentoring, bio, company, department, experience, expertise, graduation_year, job_role, linkedin_url, skills, user_id, verified, id) 
    values
        (?, ?, ?, ?, ?, ?, ?, ?, ?, ?, ?, ?, default)
Hibernate: 
    insert 
    into
        users
        (created_at, email, enabled, name, password, role, id) 
    values
        (?, ?, ?, ?, ?, ?, default)
Hibernate: 
    insert 
    into
        alumni_profiles
        (available_for_mentoring, bio, company, department, experience, expertise, graduation_year, job_role, linkedin_url, skills, user_id, verified, id) 
    values
        (?, ?, ?, ?, ?, ?, ?, ?, ?, ?, ?, ?, default)
Hibernate: 
    insert 
    into
        users
        (created_at, email, enabled, name, password, role, id) 
    values
        (?, ?, ?, ?, ?, ?, default)
Hibernate: 
    insert 
    into
        alumni_profiles
        (available_for_mentoring, bio, company, department, experience, expertise, graduation_year, job_role, linkedin_url, skills, user_id, verified, id) 
    values
        (?, ?, ?, ?, ?, ?, ?, ?, ?, ?, ?, ?, default)
Hibernate: 
    insert 
    into
        users
        (created_at, email, enabled, name, password, role, id) 
    values
        (?, ?, ?, ?, ?, ?, default)
Hibernate: 
    insert 
    into
        alumni_profiles
        (available_for_mentoring, bio, company, department, experience, expertise, graduation_year, job_role, linkedin_url, skills, user_id, verified, id) 
    values
        (?, ?, ?, ?, ?, ?, ?, ?, ?, ?, ?, ?, default)
Hibernate: 
    insert 
    into
        users
        (created_at, email, enabled, name, password, role, id) 
    values
        (?, ?, ?, ?, ?, ?, default)
Hibernate: 
    insert 
    into
        alumni_profiles
        (available_for_mentoring, bio, company, department, experience, expertise, graduation_year, job_role, linkedin_url, skills, user_id, verified, id) 
    values
        (?, ?, ?, ?, ?, ?, ?, ?, ?, ?, ?, ?, default)
Hibernate: 
    insert 
    into
        users
        (created_at, email, enabled, name, password, role, id) 
    values
        (?, ?, ?, ?, ?, ?, default)
Hibernate: 
    insert 
    into
        alumni_profiles
        (available_for_mentoring, bio, company, department, experience, expertise, graduation_year, job_role, linkedin_url, skills, user_id, verified, id) 
    values
        (?, ?, ?, ?, ?, ?, ?, ?, ?, ?, ?, ?, default)
Hibernate: 
    insert 
    into
        mentorship_requests
        (alumni_id, message, requested_at, responded_at, status, student_id, id) 
    values
        (?, ?, ?, ?, ?, ?, default)
Hibernate: 
    insert 
    into
        mentorship_requests
        (alumni_id, message, requested_at, responded_at, status, student_id, id) 
    values
        (?, ?, ?, ?, ?, ?, default)
Hibernate: 
    insert 
    into
        mentorship_requests
        (alumni_id, message, requested_at, responded_at, status, student_id, id) 
    values
        (?, ?, ?, ?, ?, ?, default)
Hibernate: 
    insert 
    into
        mentorship_requests
        (alumni_id, message, requested_at, responded_at, status, student_id, id) 
    values
        (?, ?, ?, ?, ?, ?, default)
Hibernate: 
    insert 
    into
        mentorship_requests
        (alumni_id, message, requested_at, responded_at, status, student_id, id) 
    values
        (?, ?, ?, ?, ?, ?, default)
Hibernate: 
    insert 
    into
        mentorship_requests
        (alumni_id, message, requested_at, responded_at, status, student_id, id) 
    values
        (?, ?, ?, ?, ?, ?, default)
Hibernate: 
    insert 
    into
        mentorship_sessions
        (created_at, description, mentorship_request_id, session_date, status, topic, id) 
    values
        (?, ?, ?, ?, ?, ?, default)
Hibernate: 
    insert 
    into
        feedbacks
        (alumni_id, comment, created_at, rating, session_id, student_id, id) 
    values
        (?, ?, ?, ?, ?, ?, default)
Hibernate: 
    insert 
    into
        mentorship_sessions
        (created_at, description, mentorship_request_id, session_date, status, topic, id) 
    values
        (?, ?, ?, ?, ?, ?, default)
Hibernate: 
    insert 
    into
        mentorship_sessions
        (created_at, description, mentorship_request_id, session_date, status, topic, id) 
    values
        (?, ?, ?, ?, ?, ?, default)
Hibernate: 
    insert 
    into
        feedbacks
        (alumni_id, comment, created_at, rating, session_id, student_id, id) 
    values
        (?, ?, ?, ?, ?, ?, default)
Hibernate: 
    insert 
    into
        mentorship_sessions
        (created_at, description, mentorship_request_id, session_date, status, topic, id) 
    values
        (?, ?, ?, ?, ?, ?, default)
Hibernate: 
    insert 
    into
        reports
        (created_at, description, reason, reported_user_id, reporter_id, status, id) 
    values
        (?, ?, ?, ?, ?, ?, default)
>>> Sample data initialization completed successfully!
]]></system-out>
    <system-err><![CDATA[WARNING: A Java agent has been loaded dynamically (C:\Users\vaish\.m2\repository\net\bytebuddy\byte-buddy-agent\1.14.19\byte-buddy-agent-1.14.19.jar)
WARNING: If a serviceability tool is in use, please run with -XX:+EnableDynamicAgentLoading to hide this warning
WARNING: If a serviceability tool is not in use, please run with -Djdk.instrument.traceUsage for more information
WARNING: Dynamic loading of agents will be disallowed by default in a future release
]]></system-err>
  </testcase>
</testsuite>